2017-8-20 15:47:52[ INFO](AbstractTestContextBootstrapper.java:256) Loaded default TestExecutionListener class names from location [META-INF/spring.factories]: [org.springframework.test.context.web.ServletTestExecutionListener, org.springframework.test.context.support.DependencyInjectionTestExecutionListener, org.springframework.test.context.support.DirtiesContextTestExecutionListener, org.springframework.test.context.transaction.TransactionalTestExecutionListener, org.springframework.test.context.jdbc.SqlScriptsTestExecutionListener]
2017-8-20 15:47:52[ INFO](AbstractTestContextBootstrapper.java:182) Using TestExecutionListeners: [org.springframework.test.context.web.ServletTestExecutionListener@548a9f61, org.springframework.test.context.support.DependencyInjectionTestExecutionListener@1753acfe, org.springframework.test.context.support.DirtiesContextTestExecutionListener@7c16905e, org.springframework.test.context.transaction.TransactionalTestExecutionListener@2a2d45ba, org.springframework.test.context.jdbc.SqlScriptsTestExecutionListener@2a5ca609]
2017-8-20 15:47:53[ INFO](XmlBeanDefinitionReader.java:317) Loading XML bean definitions from class path resource [applicationContextwithhibernate.xml]
2017-8-20 15:47:53[ INFO](AbstractApplicationContext.java:510) Refreshing org.springframework.context.support.GenericApplicationContext@4cf777e8: startup date [Sun Aug 20 15:47:53 CST 2017]; root of context hierarchy
2017-8-20 15:47:53[ INFO](PropertiesLoaderSupport.java:172) Loading properties file from class path resource [jdbc_hibernate.properties]
2017-8-20 15:47:53[ INFO](PropertiesLoaderSupport.java:172) Loading properties file from class path resource [druid.properties]
2017-8-20 15:47:53[ INFO](AutowiredAnnotationBeanPostProcessor.java:153) JSR-330 'javax.inject.Inject' annotation found and supported for autowiring
2017-8-20 15:47:55[ INFO](JavaReflectionManager.java:66) HCANN000001: Hibernate Commons Annotations {4.0.4.Final}
2017-8-20 15:47:55[ INFO](Version.java:54) HHH000412: Hibernate Core {4.3.5.Final}
2017-8-20 15:47:55[ INFO](Environment.java:239) HHH000206: hibernate.properties not found
2017-8-20 15:47:55[ INFO](Environment.java:346) HHH000021: Bytecode provider name : javassist
2017-8-20 15:47:56[ INFO](DruidDataSource.java:456) {dataSource-1} inited
2017-8-20 15:47:56[ INFO](Dialect.java:145) HHH000400: Using dialect: org.hibernate.dialect.MySQLDialect
2017-8-20 15:47:56[ INFO](TransactionFactoryInitiator.java:62) HHH000399: Using default transaction strategy (direct JDBC transactions)
2017-8-20 15:47:56[ INFO](ASTQueryTranslatorFactory.java:47) HHH000397: Using ASTQueryTranslatorFactory
2017-8-20 15:47:58[ INFO](AbstractApplicationContext.java:862) Closing org.springframework.context.support.GenericApplicationContext@4cf777e8: startup date [Sun Aug 20 15:47:53 CST 2017]; root of context hierarchy
2017-8-20 15:47:58[ INFO](DruidDataSource.java:1050) {dataSource-1} closed
2017-8-20 16:55:31[ INFO](AbstractTestContextBootstrapper.java:256) Loaded default TestExecutionListener class names from location [META-INF/spring.factories]: [org.springframework.test.context.web.ServletTestExecutionListener, org.springframework.test.context.support.DependencyInjectionTestExecutionListener, org.springframework.test.context.support.DirtiesContextTestExecutionListener, org.springframework.test.context.transaction.TransactionalTestExecutionListener, org.springframework.test.context.jdbc.SqlScriptsTestExecutionListener]
2017-8-20 16:55:31[ INFO](AbstractTestContextBootstrapper.java:182) Using TestExecutionListeners: [org.springframework.test.context.web.ServletTestExecutionListener@548a9f61, org.springframework.test.context.support.DependencyInjectionTestExecutionListener@1753acfe, org.springframework.test.context.support.DirtiesContextTestExecutionListener@7c16905e, org.springframework.test.context.transaction.TransactionalTestExecutionListener@2a2d45ba, org.springframework.test.context.jdbc.SqlScriptsTestExecutionListener@2a5ca609]
2017-8-20 16:55:32[ INFO](XmlBeanDefinitionReader.java:317) Loading XML bean definitions from class path resource [applicationContextwithmybatis.xml]
2017-8-20 16:55:32[ INFO](AbstractApplicationContext.java:510) Refreshing org.springframework.context.support.GenericApplicationContext@4cf777e8: startup date [Sun Aug 20 16:55:32 CST 2017]; root of context hierarchy
2017-8-20 16:55:32[ INFO](PropertiesLoaderSupport.java:172) Loading properties file from class path resource [jdbc.properties]
2017-8-20 16:55:32[ INFO](PropertiesLoaderSupport.java:172) Loading properties file from class path resource [druid.properties]
2017-8-20 16:55:32[ INFO](AutowiredAnnotationBeanPostProcessor.java:153) JSR-330 'javax.inject.Inject' annotation found and supported for autowiring
2017-8-20 16:55:35[ INFO](DruidDataSource.java:456) {dataSource-1} inited
2017-8-20 16:55:36[ INFO](AbstractApplicationContext.java:862) Closing org.springframework.context.support.GenericApplicationContext@4cf777e8: startup date [Sun Aug 20 16:55:32 CST 2017]; root of context hierarchy
2017-8-20 16:55:36[ INFO](DruidDataSource.java:1050) {dataSource-1} closed
2017-8-20 16:56:13[ INFO](AbstractTestContextBootstrapper.java:256) Loaded default TestExecutionListener class names from location [META-INF/spring.factories]: [org.springframework.test.context.web.ServletTestExecutionListener, org.springframework.test.context.support.DependencyInjectionTestExecutionListener, org.springframework.test.context.support.DirtiesContextTestExecutionListener, org.springframework.test.context.transaction.TransactionalTestExecutionListener, org.springframework.test.context.jdbc.SqlScriptsTestExecutionListener]
2017-8-20 16:56:13[ INFO](AbstractTestContextBootstrapper.java:182) Using TestExecutionListeners: [org.springframework.test.context.web.ServletTestExecutionListener@548a9f61, org.springframework.test.context.support.DependencyInjectionTestExecutionListener@1753acfe, org.springframework.test.context.support.DirtiesContextTestExecutionListener@7c16905e, org.springframework.test.context.transaction.TransactionalTestExecutionListener@2a2d45ba, org.springframework.test.context.jdbc.SqlScriptsTestExecutionListener@2a5ca609]
2017-8-20 16:56:13[ INFO](XmlBeanDefinitionReader.java:317) Loading XML bean definitions from class path resource [applicationContextwithmybatis.xml]
2017-8-20 16:56:14[ INFO](AbstractApplicationContext.java:510) Refreshing org.springframework.context.support.GenericApplicationContext@4cf777e8: startup date [Sun Aug 20 16:56:14 CST 2017]; root of context hierarchy
2017-8-20 16:56:14[ INFO](PropertiesLoaderSupport.java:172) Loading properties file from class path resource [jdbc.properties]
2017-8-20 16:56:14[ INFO](PropertiesLoaderSupport.java:172) Loading properties file from class path resource [druid.properties]
2017-8-20 16:56:14[ INFO](AutowiredAnnotationBeanPostProcessor.java:153) JSR-330 'javax.inject.Inject' annotation found and supported for autowiring
2017-8-20 16:56:17[ INFO](DruidDataSource.java:456) {dataSource-1} inited
2017-8-20 16:56:17[ INFO](AbstractApplicationContext.java:862) Closing org.springframework.context.support.GenericApplicationContext@4cf777e8: startup date [Sun Aug 20 16:56:14 CST 2017]; root of context hierarchy
2017-8-20 16:56:17[ INFO](DruidDataSource.java:1050) {dataSource-1} closed
2017-8-20 16:57:02[ INFO](AbstractTestContextBootstrapper.java:256) Loaded default TestExecutionListener class names from location [META-INF/spring.factories]: [org.springframework.test.context.web.ServletTestExecutionListener, org.springframework.test.context.support.DependencyInjectionTestExecutionListener, org.springframework.test.context.support.DirtiesContextTestExecutionListener, org.springframework.test.context.transaction.TransactionalTestExecutionListener, org.springframework.test.context.jdbc.SqlScriptsTestExecutionListener]
2017-8-20 16:57:02[ INFO](AbstractTestContextBootstrapper.java:182) Using TestExecutionListeners: [org.springframework.test.context.web.ServletTestExecutionListener@548a9f61, org.springframework.test.context.support.DependencyInjectionTestExecutionListener@1753acfe, org.springframework.test.context.support.DirtiesContextTestExecutionListener@7c16905e, org.springframework.test.context.transaction.TransactionalTestExecutionListener@2a2d45ba, org.springframework.test.context.jdbc.SqlScriptsTestExecutionListener@2a5ca609]
2017-8-20 16:57:03[ INFO](XmlBeanDefinitionReader.java:317) Loading XML bean definitions from class path resource [applicationContextwithmybatis.xml]
2017-8-20 16:57:03[ INFO](AbstractApplicationContext.java:510) Refreshing org.springframework.context.support.GenericApplicationContext@4cf777e8: startup date [Sun Aug 20 16:57:03 CST 2017]; root of context hierarchy
2017-8-20 16:57:03[ INFO](PropertiesLoaderSupport.java:172) Loading properties file from class path resource [jdbc.properties]
2017-8-20 16:57:03[ INFO](PropertiesLoaderSupport.java:172) Loading properties file from class path resource [druid.properties]
2017-8-20 16:57:03[ INFO](AutowiredAnnotationBeanPostProcessor.java:153) JSR-330 'javax.inject.Inject' annotation found and supported for autowiring
2017-8-20 16:57:06[ INFO](DruidDataSource.java:456) {dataSource-1} inited
2017-8-20 16:57:07[ INFO](AbstractApplicationContext.java:862) Closing org.springframework.context.support.GenericApplicationContext@4cf777e8: startup date [Sun Aug 20 16:57:03 CST 2017]; root of context hierarchy
2017-8-20 16:57:07[ INFO](DruidDataSource.java:1050) {dataSource-1} closed
2017-8-20 16:57:47[ INFO](AbstractTestContextBootstrapper.java:256) Loaded default TestExecutionListener class names from location [META-INF/spring.factories]: [org.springframework.test.context.web.ServletTestExecutionListener, org.springframework.test.context.support.DependencyInjectionTestExecutionListener, org.springframework.test.context.support.DirtiesContextTestExecutionListener, org.springframework.test.context.transaction.TransactionalTestExecutionListener, org.springframework.test.context.jdbc.SqlScriptsTestExecutionListener]
2017-8-20 16:57:47[ INFO](AbstractTestContextBootstrapper.java:182) Using TestExecutionListeners: [org.springframework.test.context.web.ServletTestExecutionListener@548a9f61, org.springframework.test.context.support.DependencyInjectionTestExecutionListener@1753acfe, org.springframework.test.context.support.DirtiesContextTestExecutionListener@7c16905e, org.springframework.test.context.transaction.TransactionalTestExecutionListener@2a2d45ba, org.springframework.test.context.jdbc.SqlScriptsTestExecutionListener@2a5ca609]
2017-8-20 16:57:47[ INFO](XmlBeanDefinitionReader.java:317) Loading XML bean definitions from class path resource [applicationContextwithmybatis.xml]
2017-8-20 16:57:47[ INFO](AbstractApplicationContext.java:510) Refreshing org.springframework.context.support.GenericApplicationContext@4cf777e8: startup date [Sun Aug 20 16:57:47 CST 2017]; root of context hierarchy
2017-8-20 16:57:47[ INFO](PropertiesLoaderSupport.java:172) Loading properties file from class path resource [jdbc.properties]
2017-8-20 16:57:47[ INFO](PropertiesLoaderSupport.java:172) Loading properties file from class path resource [druid.properties]
2017-8-20 16:57:47[ INFO](AutowiredAnnotationBeanPostProcessor.java:153) JSR-330 'javax.inject.Inject' annotation found and supported for autowiring
2017-8-20 16:57:50[ INFO](DruidDataSource.java:456) {dataSource-1} inited
2017-8-20 16:57:50[ INFO](AbstractApplicationContext.java:862) Closing org.springframework.context.support.GenericApplicationContext@4cf777e8: startup date [Sun Aug 20 16:57:47 CST 2017]; root of context hierarchy
2017-8-20 16:57:50[ INFO](DruidDataSource.java:1050) {dataSource-1} closed
2017-8-20 16:58:38[ INFO](AbstractTestContextBootstrapper.java:256) Loaded default TestExecutionListener class names from location [META-INF/spring.factories]: [org.springframework.test.context.web.ServletTestExecutionListener, org.springframework.test.context.support.DependencyInjectionTestExecutionListener, org.springframework.test.context.support.DirtiesContextTestExecutionListener, org.springframework.test.context.transaction.TransactionalTestExecutionListener, org.springframework.test.context.jdbc.SqlScriptsTestExecutionListener]
2017-8-20 16:58:38[ INFO](AbstractTestContextBootstrapper.java:182) Using TestExecutionListeners: [org.springframework.test.context.web.ServletTestExecutionListener@548a9f61, org.springframework.test.context.support.DependencyInjectionTestExecutionListener@1753acfe, org.springframework.test.context.support.DirtiesContextTestExecutionListener@7c16905e, org.springframework.test.context.transaction.TransactionalTestExecutionListener@2a2d45ba, org.springframework.test.context.jdbc.SqlScriptsTestExecutionListener@2a5ca609]
2017-8-20 16:58:38[ INFO](XmlBeanDefinitionReader.java:317) Loading XML bean definitions from class path resource [applicationContextwithmybatis.xml]
2017-8-20 16:58:39[ INFO](AbstractApplicationContext.java:510) Refreshing org.springframework.context.support.GenericApplicationContext@4cf777e8: startup date [Sun Aug 20 16:58:38 CST 2017]; root of context hierarchy
2017-8-20 16:58:39[ INFO](PropertiesLoaderSupport.java:172) Loading properties file from class path resource [jdbc.properties]
2017-8-20 16:58:39[ INFO](PropertiesLoaderSupport.java:172) Loading properties file from class path resource [druid.properties]
2017-8-20 16:58:39[ INFO](AutowiredAnnotationBeanPostProcessor.java:153) JSR-330 'javax.inject.Inject' annotation found and supported for autowiring
2017-8-20 16:58:41[ INFO](DruidDataSource.java:456) {dataSource-1} inited
2017-8-20 16:58:42[ INFO](AbstractApplicationContext.java:862) Closing org.springframework.context.support.GenericApplicationContext@4cf777e8: startup date [Sun Aug 20 16:58:38 CST 2017]; root of context hierarchy
2017-8-20 16:58:42[ INFO](DruidDataSource.java:1050) {dataSource-1} closed
2017-8-20 16:59:12[ INFO](AbstractTestContextBootstrapper.java:256) Loaded default TestExecutionListener class names from location [META-INF/spring.factories]: [org.springframework.test.context.web.ServletTestExecutionListener, org.springframework.test.context.support.DependencyInjectionTestExecutionListener, org.springframework.test.context.support.DirtiesContextTestExecutionListener, org.springframework.test.context.transaction.TransactionalTestExecutionListener, org.springframework.test.context.jdbc.SqlScriptsTestExecutionListener]
2017-8-20 16:59:12[ INFO](AbstractTestContextBootstrapper.java:182) Using TestExecutionListeners: [org.springframework.test.context.web.ServletTestExecutionListener@548a9f61, org.springframework.test.context.support.DependencyInjectionTestExecutionListener@1753acfe, org.springframework.test.context.support.DirtiesContextTestExecutionListener@7c16905e, org.springframework.test.context.transaction.TransactionalTestExecutionListener@2a2d45ba, org.springframework.test.context.jdbc.SqlScriptsTestExecutionListener@2a5ca609]
2017-8-20 16:59:13[ INFO](XmlBeanDefinitionReader.java:317) Loading XML bean definitions from class path resource [applicationContextwithmybatis.xml]
2017-8-20 16:59:13[ INFO](AbstractApplicationContext.java:510) Refreshing org.springframework.context.support.GenericApplicationContext@4cf777e8: startup date [Sun Aug 20 16:59:13 CST 2017]; root of context hierarchy
2017-8-20 16:59:13[ INFO](PropertiesLoaderSupport.java:172) Loading properties file from class path resource [jdbc.properties]
2017-8-20 16:59:13[ INFO](PropertiesLoaderSupport.java:172) Loading properties file from class path resource [druid.properties]
2017-8-20 16:59:13[ INFO](AutowiredAnnotationBeanPostProcessor.java:153) JSR-330 'javax.inject.Inject' annotation found and supported for autowiring
2017-8-20 16:59:16[ INFO](DruidDataSource.java:456) {dataSource-1} inited
2017-8-20 16:59:16[ INFO](XmlBeanDefinitionReader.java:317) Loading XML bean definitions from class path resource [org/springframework/jdbc/support/sql-error-codes.xml]
2017-8-20 16:59:17[ INFO](SQLErrorCodesFactory.java:126) SQLErrorCodes loaded: [DB2, Derby, H2, HSQL, Informix, MS-SQL, MySQL, Oracle, PostgreSQL, Sybase, Hana]
2017-8-20 16:59:17[ INFO](AbstractApplicationContext.java:862) Closing org.springframework.context.support.GenericApplicationContext@4cf777e8: startup date [Sun Aug 20 16:59:13 CST 2017]; root of context hierarchy
2017-8-20 16:59:17[ INFO](DruidDataSource.java:1050) {dataSource-1} closed
2017-8-20 17:00:39[ INFO](AbstractTestContextBootstrapper.java:256) Loaded default TestExecutionListener class names from location [META-INF/spring.factories]: [org.springframework.test.context.web.ServletTestExecutionListener, org.springframework.test.context.support.DependencyInjectionTestExecutionListener, org.springframework.test.context.support.DirtiesContextTestExecutionListener, org.springframework.test.context.transaction.TransactionalTestExecutionListener, org.springframework.test.context.jdbc.SqlScriptsTestExecutionListener]
2017-8-20 17:00:40[ INFO](AbstractTestContextBootstrapper.java:182) Using TestExecutionListeners: [org.springframework.test.context.web.ServletTestExecutionListener@548a9f61, org.springframework.test.context.support.DependencyInjectionTestExecutionListener@1753acfe, org.springframework.test.context.support.DirtiesContextTestExecutionListener@7c16905e, org.springframework.test.context.transaction.TransactionalTestExecutionListener@2a2d45ba, org.springframework.test.context.jdbc.SqlScriptsTestExecutionListener@2a5ca609]
2017-8-20 17:00:40[ INFO](XmlBeanDefinitionReader.java:317) Loading XML bean definitions from class path resource [applicationContextwithmybatis.xml]
2017-8-20 17:00:40[ INFO](AbstractApplicationContext.java:510) Refreshing org.springframework.context.support.GenericApplicationContext@4cf777e8: startup date [Sun Aug 20 17:00:40 CST 2017]; root of context hierarchy
2017-8-20 17:00:40[ INFO](PropertiesLoaderSupport.java:172) Loading properties file from class path resource [jdbc.properties]
2017-8-20 17:00:40[ INFO](PropertiesLoaderSupport.java:172) Loading properties file from class path resource [druid.properties]
2017-8-20 17:00:40[ INFO](AutowiredAnnotationBeanPostProcessor.java:153) JSR-330 'javax.inject.Inject' annotation found and supported for autowiring
2017-8-20 17:00:43[ INFO](DruidDataSource.java:456) {dataSource-1} inited
2017-8-20 17:00:43[ INFO](XmlBeanDefinitionReader.java:317) Loading XML bean definitions from class path resource [org/springframework/jdbc/support/sql-error-codes.xml]
2017-8-20 17:00:43[ INFO](SQLErrorCodesFactory.java:126) SQLErrorCodes loaded: [DB2, Derby, H2, HSQL, Informix, MS-SQL, MySQL, Oracle, PostgreSQL, Sybase, Hana]
2017-8-20 17:00:43[ INFO](AbstractApplicationContext.java:862) Closing org.springframework.context.support.GenericApplicationContext@4cf777e8: startup date [Sun Aug 20 17:00:40 CST 2017]; root of context hierarchy
2017-8-20 17:00:43[ INFO](DruidDataSource.java:1050) {dataSource-1} closed
2017-8-20 17:06:04[ INFO](AbstractTestContextBootstrapper.java:256) Loaded default TestExecutionListener class names from location [META-INF/spring.factories]: [org.springframework.test.context.web.ServletTestExecutionListener, org.springframework.test.context.support.DependencyInjectionTestExecutionListener, org.springframework.test.context.support.DirtiesContextTestExecutionListener, org.springframework.test.context.transaction.TransactionalTestExecutionListener, org.springframework.test.context.jdbc.SqlScriptsTestExecutionListener]
2017-8-20 17:06:04[ INFO](AbstractTestContextBootstrapper.java:182) Using TestExecutionListeners: [org.springframework.test.context.web.ServletTestExecutionListener@548a9f61, org.springframework.test.context.support.DependencyInjectionTestExecutionListener@1753acfe, org.springframework.test.context.support.DirtiesContextTestExecutionListener@7c16905e, org.springframework.test.context.transaction.TransactionalTestExecutionListener@2a2d45ba, org.springframework.test.context.jdbc.SqlScriptsTestExecutionListener@2a5ca609]
2017-8-20 17:06:05[ INFO](XmlBeanDefinitionReader.java:317) Loading XML bean definitions from class path resource [applicationContextwithmybatis.xml]
2017-8-20 17:06:05[ INFO](AbstractApplicationContext.java:510) Refreshing org.springframework.context.support.GenericApplicationContext@4cf777e8: startup date [Sun Aug 20 17:06:05 CST 2017]; root of context hierarchy
2017-8-20 17:06:05[ INFO](PropertiesLoaderSupport.java:172) Loading properties file from class path resource [jdbc.properties]
2017-8-20 17:06:05[ INFO](PropertiesLoaderSupport.java:172) Loading properties file from class path resource [druid.properties]
2017-8-20 17:06:05[ INFO](AutowiredAnnotationBeanPostProcessor.java:153) JSR-330 'javax.inject.Inject' annotation found and supported for autowiring
2017-8-20 17:06:09[ INFO](DruidDataSource.java:456) {dataSource-1} inited
2017-8-20 17:06:09[ INFO](XmlBeanDefinitionReader.java:317) Loading XML bean definitions from class path resource [org/springframework/jdbc/support/sql-error-codes.xml]
2017-8-20 17:06:09[ INFO](SQLErrorCodesFactory.java:126) SQLErrorCodes loaded: [DB2, Derby, H2, HSQL, Informix, MS-SQL, MySQL, Oracle, PostgreSQL, Sybase, Hana]
2017-8-20 17:06:09[ INFO](AbstractApplicationContext.java:862) Closing org.springframework.context.support.GenericApplicationContext@4cf777e8: startup date [Sun Aug 20 17:06:05 CST 2017]; root of context hierarchy
2017-8-20 17:06:09[ INFO](DruidDataSource.java:1050) {dataSource-1} closed
2017-8-20 17:07:33[ INFO](AbstractTestContextBootstrapper.java:256) Loaded default TestExecutionListener class names from location [META-INF/spring.factories]: [org.springframework.test.context.web.ServletTestExecutionListener, org.springframework.test.context.support.DependencyInjectionTestExecutionListener, org.springframework.test.context.support.DirtiesContextTestExecutionListener, org.springframework.test.context.transaction.TransactionalTestExecutionListener, org.springframework.test.context.jdbc.SqlScriptsTestExecutionListener]
2017-8-20 17:07:33[ INFO](AbstractTestContextBootstrapper.java:182) Using TestExecutionListeners: [org.springframework.test.context.web.ServletTestExecutionListener@548a9f61, org.springframework.test.context.support.DependencyInjectionTestExecutionListener@1753acfe, org.springframework.test.context.support.DirtiesContextTestExecutionListener@7c16905e, org.springframework.test.context.transaction.TransactionalTestExecutionListener@2a2d45ba, org.springframework.test.context.jdbc.SqlScriptsTestExecutionListener@2a5ca609]
2017-8-20 17:07:34[ INFO](XmlBeanDefinitionReader.java:317) Loading XML bean definitions from class path resource [applicationContextwithmybatis.xml]
2017-8-20 17:07:34[ INFO](AbstractApplicationContext.java:510) Refreshing org.springframework.context.support.GenericApplicationContext@4cf777e8: startup date [Sun Aug 20 17:07:34 CST 2017]; root of context hierarchy
2017-8-20 17:07:34[ INFO](PropertiesLoaderSupport.java:172) Loading properties file from class path resource [jdbc.properties]
2017-8-20 17:07:34[ INFO](PropertiesLoaderSupport.java:172) Loading properties file from class path resource [druid.properties]
2017-8-20 17:07:34[ INFO](AutowiredAnnotationBeanPostProcessor.java:153) JSR-330 'javax.inject.Inject' annotation found and supported for autowiring
2017-8-20 17:07:38[ INFO](DruidDataSource.java:456) {dataSource-1} inited
2017-8-20 17:07:38[ INFO](AbstractApplicationContext.java:862) Closing org.springframework.context.support.GenericApplicationContext@4cf777e8: startup date [Sun Aug 20 17:07:34 CST 2017]; root of context hierarchy
2017-8-20 17:07:38[ INFO](DruidDataSource.java:1050) {dataSource-1} closed
2017-8-20 17:09:28[ INFO](AbstractTestContextBootstrapper.java:256) Loaded default TestExecutionListener class names from location [META-INF/spring.factories]: [org.springframework.test.context.web.ServletTestExecutionListener, org.springframework.test.context.support.DependencyInjectionTestExecutionListener, org.springframework.test.context.support.DirtiesContextTestExecutionListener, org.springframework.test.context.transaction.TransactionalTestExecutionListener, org.springframework.test.context.jdbc.SqlScriptsTestExecutionListener]
2017-8-20 17:09:28[ INFO](AbstractTestContextBootstrapper.java:182) Using TestExecutionListeners: [org.springframework.test.context.web.ServletTestExecutionListener@548a9f61, org.springframework.test.context.support.DependencyInjectionTestExecutionListener@1753acfe, org.springframework.test.context.support.DirtiesContextTestExecutionListener@7c16905e, org.springframework.test.context.transaction.TransactionalTestExecutionListener@2a2d45ba, org.springframework.test.context.jdbc.SqlScriptsTestExecutionListener@2a5ca609]
2017-8-20 17:09:28[ INFO](XmlBeanDefinitionReader.java:317) Loading XML bean definitions from class path resource [applicationContextwithmybatis.xml]
2017-8-20 17:09:28[ INFO](AbstractApplicationContext.java:510) Refreshing org.springframework.context.support.GenericApplicationContext@4cf777e8: startup date [Sun Aug 20 17:09:28 CST 2017]; root of context hierarchy
2017-8-20 17:09:29[ INFO](PropertiesLoaderSupport.java:172) Loading properties file from class path resource [jdbc.properties]
2017-8-20 17:09:29[ INFO](PropertiesLoaderSupport.java:172) Loading properties file from class path resource [druid.properties]
2017-8-20 17:09:29[ INFO](AutowiredAnnotationBeanPostProcessor.java:153) JSR-330 'javax.inject.Inject' annotation found and supported for autowiring
2017-8-20 17:09:31[ INFO](DruidDataSource.java:456) {dataSource-1} inited
2017-8-20 17:09:32[ INFO](XmlBeanDefinitionReader.java:317) Loading XML bean definitions from class path resource [org/springframework/jdbc/support/sql-error-codes.xml]
2017-8-20 17:09:32[ INFO](SQLErrorCodesFactory.java:126) SQLErrorCodes loaded: [DB2, Derby, H2, HSQL, Informix, MS-SQL, MySQL, Oracle, PostgreSQL, Sybase, Hana]
2017-8-20 17:09:32[ INFO](AbstractApplicationContext.java:862) Closing org.springframework.context.support.GenericApplicationContext@4cf777e8: startup date [Sun Aug 20 17:09:28 CST 2017]; root of context hierarchy
2017-8-20 17:09:32[ INFO](DruidDataSource.java:1050) {dataSource-1} closed
2017-8-20 17:10:08[ INFO](AbstractTestContextBootstrapper.java:256) Loaded default TestExecutionListener class names from location [META-INF/spring.factories]: [org.springframework.test.context.web.ServletTestExecutionListener, org.springframework.test.context.support.DependencyInjectionTestExecutionListener, org.springframework.test.context.support.DirtiesContextTestExecutionListener, org.springframework.test.context.transaction.TransactionalTestExecutionListener, org.springframework.test.context.jdbc.SqlScriptsTestExecutionListener]
2017-8-20 17:10:08[ INFO](AbstractTestContextBootstrapper.java:182) Using TestExecutionListeners: [org.springframework.test.context.web.ServletTestExecutionListener@548a9f61, org.springframework.test.context.support.DependencyInjectionTestExecutionListener@1753acfe, org.springframework.test.context.support.DirtiesContextTestExecutionListener@7c16905e, org.springframework.test.context.transaction.TransactionalTestExecutionListener@2a2d45ba, org.springframework.test.context.jdbc.SqlScriptsTestExecutionListener@2a5ca609]
2017-8-20 17:10:08[ INFO](XmlBeanDefinitionReader.java:317) Loading XML bean definitions from class path resource [applicationContextwithmybatis.xml]
2017-8-20 17:10:09[ INFO](AbstractApplicationContext.java:510) Refreshing org.springframework.context.support.GenericApplicationContext@4cf777e8: startup date [Sun Aug 20 17:10:09 CST 2017]; root of context hierarchy
2017-8-20 17:10:09[ INFO](PropertiesLoaderSupport.java:172) Loading properties file from class path resource [jdbc.properties]
2017-8-20 17:10:09[ INFO](PropertiesLoaderSupport.java:172) Loading properties file from class path resource [druid.properties]
2017-8-20 17:10:09[ INFO](AutowiredAnnotationBeanPostProcessor.java:153) JSR-330 'javax.inject.Inject' annotation found and supported for autowiring
2017-8-20 17:10:11[ INFO](DruidDataSource.java:456) {dataSource-1} inited
2017-8-20 17:10:12[ INFO](AbstractApplicationContext.java:862) Closing org.springframework.context.support.GenericApplicationContext@4cf777e8: startup date [Sun Aug 20 17:10:09 CST 2017]; root of context hierarchy
2017-8-20 17:10:12[ INFO](DruidDataSource.java:1050) {dataSource-1} closed
2017-8-20 17:11:08[ INFO](AbstractTestContextBootstrapper.java:256) Loaded default TestExecutionListener class names from location [META-INF/spring.factories]: [org.springframework.test.context.web.ServletTestExecutionListener, org.springframework.test.context.support.DependencyInjectionTestExecutionListener, org.springframework.test.context.support.DirtiesContextTestExecutionListener, org.springframework.test.context.transaction.TransactionalTestExecutionListener, org.springframework.test.context.jdbc.SqlScriptsTestExecutionListener]
2017-8-20 17:11:08[ INFO](AbstractTestContextBootstrapper.java:182) Using TestExecutionListeners: [org.springframework.test.context.web.ServletTestExecutionListener@548a9f61, org.springframework.test.context.support.DependencyInjectionTestExecutionListener@1753acfe, org.springframework.test.context.support.DirtiesContextTestExecutionListener@7c16905e, org.springframework.test.context.transaction.TransactionalTestExecutionListener@2a2d45ba, org.springframework.test.context.jdbc.SqlScriptsTestExecutionListener@2a5ca609]
2017-8-20 17:11:08[ INFO](XmlBeanDefinitionReader.java:317) Loading XML bean definitions from class path resource [applicationContextwithmybatis.xml]
2017-8-20 17:11:08[ INFO](AbstractApplicationContext.java:510) Refreshing org.springframework.context.support.GenericApplicationContext@4cf777e8: startup date [Sun Aug 20 17:11:08 CST 2017]; root of context hierarchy
2017-8-20 17:11:09[ INFO](PropertiesLoaderSupport.java:172) Loading properties file from class path resource [jdbc.properties]
2017-8-20 17:11:09[ INFO](PropertiesLoaderSupport.java:172) Loading properties file from class path resource [druid.properties]
2017-8-20 17:11:09[ INFO](AutowiredAnnotationBeanPostProcessor.java:153) JSR-330 'javax.inject.Inject' annotation found and supported for autowiring
2017-8-20 17:11:11[ INFO](DruidDataSource.java:456) {dataSource-1} inited
2017-8-20 17:11:12[ INFO](XmlBeanDefinitionReader.java:317) Loading XML bean definitions from class path resource [org/springframework/jdbc/support/sql-error-codes.xml]
2017-8-20 17:11:12[ INFO](SQLErrorCodesFactory.java:126) SQLErrorCodes loaded: [DB2, Derby, H2, HSQL, Informix, MS-SQL, MySQL, Oracle, PostgreSQL, Sybase, Hana]
2017-8-20 17:11:12[ INFO](AbstractApplicationContext.java:862) Closing org.springframework.context.support.GenericApplicationContext@4cf777e8: startup date [Sun Aug 20 17:11:08 CST 2017]; root of context hierarchy
2017-8-20 17:11:12[ INFO](DruidDataSource.java:1050) {dataSource-1} closed
2017-8-20 17:13:45[ INFO](AbstractTestContextBootstrapper.java:256) Loaded default TestExecutionListener class names from location [META-INF/spring.factories]: [org.springframework.test.context.web.ServletTestExecutionListener, org.springframework.test.context.support.DependencyInjectionTestExecutionListener, org.springframework.test.context.support.DirtiesContextTestExecutionListener, org.springframework.test.context.transaction.TransactionalTestExecutionListener, org.springframework.test.context.jdbc.SqlScriptsTestExecutionListener]
2017-8-20 17:13:45[ INFO](AbstractTestContextBootstrapper.java:182) Using TestExecutionListeners: [org.springframework.test.context.web.ServletTestExecutionListener@548a9f61, org.springframework.test.context.support.DependencyInjectionTestExecutionListener@1753acfe, org.springframework.test.context.support.DirtiesContextTestExecutionListener@7c16905e, org.springframework.test.context.transaction.TransactionalTestExecutionListener@2a2d45ba, org.springframework.test.context.jdbc.SqlScriptsTestExecutionListener@2a5ca609]
2017-8-20 17:13:45[ INFO](XmlBeanDefinitionReader.java:317) Loading XML bean definitions from class path resource [applicationContextwithmybatis.xml]
2017-8-20 17:13:46[ INFO](AbstractApplicationContext.java:510) Refreshing org.springframework.context.support.GenericApplicationContext@4cf777e8: startup date [Sun Aug 20 17:13:46 CST 2017]; root of context hierarchy
2017-8-20 17:13:46[ INFO](PropertiesLoaderSupport.java:172) Loading properties file from class path resource [jdbc.properties]
2017-8-20 17:13:46[ INFO](PropertiesLoaderSupport.java:172) Loading properties file from class path resource [druid.properties]
2017-8-20 17:13:46[ INFO](AutowiredAnnotationBeanPostProcessor.java:153) JSR-330 'javax.inject.Inject' annotation found and supported for autowiring
2017-8-20 17:13:49[ INFO](DruidDataSource.java:456) {dataSource-1} inited
2017-8-20 17:13:49[ INFO](AbstractApplicationContext.java:862) Closing org.springframework.context.support.GenericApplicationContext@4cf777e8: startup date [Sun Aug 20 17:13:46 CST 2017]; root of context hierarchy
2017-8-20 17:13:49[ INFO](DruidDataSource.java:1050) {dataSource-1} closed
2017-8-20 17:29:12[ INFO](AbstractTestContextBootstrapper.java:256) Loaded default TestExecutionListener class names from location [META-INF/spring.factories]: [org.springframework.test.context.web.ServletTestExecutionListener, org.springframework.test.context.support.DependencyInjectionTestExecutionListener, org.springframework.test.context.support.DirtiesContextTestExecutionListener, org.springframework.test.context.transaction.TransactionalTestExecutionListener, org.springframework.test.context.jdbc.SqlScriptsTestExecutionListener]
2017-8-20 17:29:12[ INFO](AbstractTestContextBootstrapper.java:182) Using TestExecutionListeners: [org.springframework.test.context.web.ServletTestExecutionListener@548a9f61, org.springframework.test.context.support.DependencyInjectionTestExecutionListener@1753acfe, org.springframework.test.context.support.DirtiesContextTestExecutionListener@7c16905e, org.springframework.test.context.transaction.TransactionalTestExecutionListener@2a2d45ba, org.springframework.test.context.jdbc.SqlScriptsTestExecutionListener@2a5ca609]
2017-8-20 17:29:12[ INFO](XmlBeanDefinitionReader.java:317) Loading XML bean definitions from class path resource [applicationContextwithmybatis.xml]
2017-8-20 17:29:13[ INFO](AbstractApplicationContext.java:510) Refreshing org.springframework.context.support.GenericApplicationContext@4cf777e8: startup date [Sun Aug 20 17:29:13 CST 2017]; root of context hierarchy
2017-8-20 17:29:13[ INFO](PropertiesLoaderSupport.java:172) Loading properties file from class path resource [jdbc.properties]
2017-8-20 17:29:13[ INFO](PropertiesLoaderSupport.java:172) Loading properties file from class path resource [druid.properties]
2017-8-20 17:29:13[ INFO](AutowiredAnnotationBeanPostProcessor.java:153) JSR-330 'javax.inject.Inject' annotation found and supported for autowiring
2017-8-20 17:29:16[ INFO](DruidDataSource.java:456) {dataSource-1} inited
2017-8-20 17:29:16[ INFO](XmlBeanDefinitionReader.java:317) Loading XML bean definitions from class path resource [org/springframework/jdbc/support/sql-error-codes.xml]
2017-8-20 17:29:16[ INFO](SQLErrorCodesFactory.java:126) SQLErrorCodes loaded: [DB2, Derby, H2, HSQL, Informix, MS-SQL, MySQL, Oracle, PostgreSQL, Sybase, Hana]
2017-8-20 17:29:16[ INFO](AbstractApplicationContext.java:862) Closing org.springframework.context.support.GenericApplicationContext@4cf777e8: startup date [Sun Aug 20 17:29:13 CST 2017]; root of context hierarchy
2017-8-20 17:29:16[ INFO](DruidDataSource.java:1050) {dataSource-1} closed
2017-8-20 17:29:54[ INFO](AbstractTestContextBootstrapper.java:256) Loaded default TestExecutionListener class names from location [META-INF/spring.factories]: [org.springframework.test.context.web.ServletTestExecutionListener, org.springframework.test.context.support.DependencyInjectionTestExecutionListener, org.springframework.test.context.support.DirtiesContextTestExecutionListener, org.springframework.test.context.transaction.TransactionalTestExecutionListener, org.springframework.test.context.jdbc.SqlScriptsTestExecutionListener]
2017-8-20 17:29:54[ INFO](AbstractTestContextBootstrapper.java:182) Using TestExecutionListeners: [org.springframework.test.context.web.ServletTestExecutionListener@548a9f61, org.springframework.test.context.support.DependencyInjectionTestExecutionListener@1753acfe, org.springframework.test.context.support.DirtiesContextTestExecutionListener@7c16905e, org.springframework.test.context.transaction.TransactionalTestExecutionListener@2a2d45ba, org.springframework.test.context.jdbc.SqlScriptsTestExecutionListener@2a5ca609]
2017-8-20 17:29:54[ INFO](XmlBeanDefinitionReader.java:317) Loading XML bean definitions from class path resource [applicationContextwithmybatis.xml]
2017-8-20 17:29:54[ INFO](AbstractApplicationContext.java:510) Refreshing org.springframework.context.support.GenericApplicationContext@4cf777e8: startup date [Sun Aug 20 17:29:54 CST 2017]; root of context hierarchy
2017-8-20 17:29:55[ INFO](PropertiesLoaderSupport.java:172) Loading properties file from class path resource [jdbc.properties]
2017-8-20 17:29:55[ INFO](PropertiesLoaderSupport.java:172) Loading properties file from class path resource [druid.properties]
2017-8-20 17:29:55[ INFO](AutowiredAnnotationBeanPostProcessor.java:153) JSR-330 'javax.inject.Inject' annotation found and supported for autowiring
2017-8-20 17:29:57[ INFO](DruidDataSource.java:456) {dataSource-1} inited
2017-8-20 17:29:57[ INFO](XmlBeanDefinitionReader.java:317) Loading XML bean definitions from class path resource [org/springframework/jdbc/support/sql-error-codes.xml]
2017-8-20 17:29:57[ INFO](SQLErrorCodesFactory.java:126) SQLErrorCodes loaded: [DB2, Derby, H2, HSQL, Informix, MS-SQL, MySQL, Oracle, PostgreSQL, Sybase, Hana]
2017-8-20 17:29:57[ INFO](AbstractApplicationContext.java:862) Closing org.springframework.context.support.GenericApplicationContext@4cf777e8: startup date [Sun Aug 20 17:29:54 CST 2017]; root of context hierarchy
2017-8-20 17:29:57[ INFO](DruidDataSource.java:1050) {dataSource-1} closed
2017-8-20 17:32:02[ INFO](AbstractTestContextBootstrapper.java:256) Loaded default TestExecutionListener class names from location [META-INF/spring.factories]: [org.springframework.test.context.web.ServletTestExecutionListener, org.springframework.test.context.support.DependencyInjectionTestExecutionListener, org.springframework.test.context.support.DirtiesContextTestExecutionListener, org.springframework.test.context.transaction.TransactionalTestExecutionListener, org.springframework.test.context.jdbc.SqlScriptsTestExecutionListener]
2017-8-20 17:32:02[ INFO](AbstractTestContextBootstrapper.java:182) Using TestExecutionListeners: [org.springframework.test.context.web.ServletTestExecutionListener@548a9f61, org.springframework.test.context.support.DependencyInjectionTestExecutionListener@1753acfe, org.springframework.test.context.support.DirtiesContextTestExecutionListener@7c16905e, org.springframework.test.context.transaction.TransactionalTestExecutionListener@2a2d45ba, org.springframework.test.context.jdbc.SqlScriptsTestExecutionListener@2a5ca609]
2017-8-20 17:32:02[ INFO](XmlBeanDefinitionReader.java:317) Loading XML bean definitions from class path resource [applicationContextwithmybatis.xml]
2017-8-20 17:32:02[ INFO](AbstractApplicationContext.java:510) Refreshing org.springframework.context.support.GenericApplicationContext@4cf777e8: startup date [Sun Aug 20 17:32:02 CST 2017]; root of context hierarchy
2017-8-20 17:32:02[ INFO](PropertiesLoaderSupport.java:172) Loading properties file from class path resource [jdbc.properties]
2017-8-20 17:32:03[ INFO](PropertiesLoaderSupport.java:172) Loading properties file from class path resource [druid.properties]
2017-8-20 17:32:03[ INFO](AutowiredAnnotationBeanPostProcessor.java:153) JSR-330 'javax.inject.Inject' annotation found and supported for autowiring
2017-8-20 17:32:05[ INFO](DruidDataSource.java:456) {dataSource-1} inited
2017-8-20 17:32:05[ INFO](XmlBeanDefinitionReader.java:317) Loading XML bean definitions from class path resource [org/springframework/jdbc/support/sql-error-codes.xml]
2017-8-20 17:32:05[ INFO](SQLErrorCodesFactory.java:126) SQLErrorCodes loaded: [DB2, Derby, H2, HSQL, Informix, MS-SQL, MySQL, Oracle, PostgreSQL, Sybase, Hana]
2017-8-20 17:32:05[ INFO](AbstractApplicationContext.java:862) Closing org.springframework.context.support.GenericApplicationContext@4cf777e8: startup date [Sun Aug 20 17:32:02 CST 2017]; root of context hierarchy
2017-8-20 17:32:06[ INFO](DruidDataSource.java:1050) {dataSource-1} closed
2017-8-20 17:33:40[ INFO](AbstractTestContextBootstrapper.java:256) Loaded default TestExecutionListener class names from location [META-INF/spring.factories]: [org.springframework.test.context.web.ServletTestExecutionListener, org.springframework.test.context.support.DependencyInjectionTestExecutionListener, org.springframework.test.context.support.DirtiesContextTestExecutionListener, org.springframework.test.context.transaction.TransactionalTestExecutionListener, org.springframework.test.context.jdbc.SqlScriptsTestExecutionListener]
2017-8-20 17:33:40[ INFO](AbstractTestContextBootstrapper.java:182) Using TestExecutionListeners: [org.springframework.test.context.web.ServletTestExecutionListener@548a9f61, org.springframework.test.context.support.DependencyInjectionTestExecutionListener@1753acfe, org.springframework.test.context.support.DirtiesContextTestExecutionListener@7c16905e, org.springframework.test.context.transaction.TransactionalTestExecutionListener@2a2d45ba, org.springframework.test.context.jdbc.SqlScriptsTestExecutionListener@2a5ca609]
2017-8-20 17:33:41[ INFO](XmlBeanDefinitionReader.java:317) Loading XML bean definitions from class path resource [applicationContextwithmybatis.xml]
2017-8-20 17:33:41[ INFO](AbstractApplicationContext.java:510) Refreshing org.springframework.context.support.GenericApplicationContext@4cf777e8: startup date [Sun Aug 20 17:33:41 CST 2017]; root of context hierarchy
2017-8-20 17:33:41[ INFO](PropertiesLoaderSupport.java:172) Loading properties file from class path resource [jdbc.properties]
2017-8-20 17:33:41[ INFO](PropertiesLoaderSupport.java:172) Loading properties file from class path resource [druid.properties]
2017-8-20 17:33:41[ INFO](AutowiredAnnotationBeanPostProcessor.java:153) JSR-330 'javax.inject.Inject' annotation found and supported for autowiring
2017-8-20 17:33:44[ INFO](DruidDataSource.java:456) {dataSource-1} inited
2017-8-20 17:33:44[ INFO](XmlBeanDefinitionReader.java:317) Loading XML bean definitions from class path resource [org/springframework/jdbc/support/sql-error-codes.xml]
2017-8-20 17:33:44[ INFO](SQLErrorCodesFactory.java:126) SQLErrorCodes loaded: [DB2, Derby, H2, HSQL, Informix, MS-SQL, MySQL, Oracle, PostgreSQL, Sybase, Hana]
2017-8-20 17:33:44[ INFO](AbstractApplicationContext.java:862) Closing org.springframework.context.support.GenericApplicationContext@4cf777e8: startup date [Sun Aug 20 17:33:41 CST 2017]; root of context hierarchy
2017-8-20 17:33:44[ INFO](DruidDataSource.java:1050) {dataSource-1} closed
